
// ==========================================================================
//  GPPG error listing for yacc source file <SimpleYacc.y - 01.11.2019 21:21:43>
// ==========================================================================
//  Version:  1.5.0
//  Machine:  MIL8A-202A-07
//  DateTime: 01.11.2019 21:21:45
//  UserName: user
// ==========================================================================


%{
// Ýòè îáúÿâëåíèÿ äîáàâëÿþòñÿ â êëàññ GPPGParser, ïðåäñòàâëÿþùèé ñîáîé ïàðñåð, ãåíåðèðóåìûé ñèñòåìîé gppg
    public BlockNode root; // Êîðíåâîé óçåë ñèíòàêñè÷åñêîãî äåðåâà 
    public Parser(AbstractScanner<ValueType, LexLocation> scanner) : base(scanner) { }
%}

%output = SimpleYacc.cs

%union { 
			public double dVal; 
			public int iVal; 
			public string sVal; 
			public Node nVal;
			public ExprNode eVal;
			public StatementNode stVal;
			public BlockNode blVal;
       }

%using ProgramTree;

%namespace SimpleParser

%token  BEGIN END CYCLE ASSIGN SEMICOLON REPEAT UNTIL WHILE DO IF THEN ELSE FOR TO OPENP CLOSEP WRITE VAR COMMA MINUS PLUS MULT DELIM
%token <iVal> INUM 
%token <dVal> RNUM 
%token <sVal> ID

%type <eVal> expr ident e1 e2 e3
%type <stVal> assign statement cycle while
%type <blVal> stlist block

%%
// Error: NonTerminal symbol "repeat" has no productions
// Warning: Terminating repeat fixes the following size-1 NonTerminal set
   // {repeat}
// Error: There are 1 non-terminating NonTerminal Symbols
   //  {repeat}
// ----------------------------------------------------------------------

progr   : block { root = $1; }
		;

statement: assign { $$ = $1; }
		| block   { $$ = $1; }
		| cycle   { $$ = $1; }
		| repeat  { $$ = $1; }
		| while   { $$ = $1; }
	;


stlist	: statement 
			{ 
				$$ = new BlockNode($1); 
			}
		| stlist SEMICOLON statement 
			{ 
				$1.Add($3); 
				$$ = $1; 
			}
		;

statement: assign { $$ = $1; }
		| block   { $$ = $1; }
		| cycle   { $$ = $1; }
	;


while	: WHILE expr DO stlist
			{
				$$ = new RepeatNode($4 as BlockNode, $2 as ExprNode);
			}
		;


ident 	: ID { $$ = new IdNode($1); }	
		;
	
assign 	: ident ASSIGN expr { $$ = new AssignNode($1 as IdNode, $3); }
		;

expr	: e1 { $$ = $1 as ExprNode; }
		;

block	: BEGIN stlist END { $$ = $2; }
		;

e1		: e2 { $$ = $1 as ExprNode; }
		| e1 MINUS e2 { $$ = new BinaryOperation($1 as ExprNode,$3 as ExprNode, OperationType.MINUS);}
		| e1 PLUS e2 { $$ = new BinaryOperation($1 as ExprNode,$3 as ExprNode, OperationType.PLUS);}
		;

e2		: e3 { $$ = $1 as ExprNode; }
		| e2 MULT e3 { $$ = new BinaryOperation($1 as ExprNode,$3 as ExprNode, OperationType.MULT);}
		| e2 DELIM e3 { $$ = new BinaryOperation($1 as ExprNode,$3 as ExprNode, OperationType.DELIM);}
		; 

e3		: ident { $$ = $1 as IdNode; }
		| INUM  { $$ = new IntNumNode($1); } 
		| RNUM  { $$ = new DoubleNumNode($1); }
		| OPENP expr CLOSEP { $$ = $2 as ExprNode; }
		;

cycle	: CYCLE expr statement { $$ = new CycleNode($2, $3); }
		;
	

%%
// ==========================================================================

